12:11:20 **** Incremental Build of configuration Debug for project Custom Objects as Map Keys ****
Info: Internal Builder is used for build
g++ -O0 -g3 -Wall -c -fmessage-length=0 -o "src\\Custom Objects as Map Keys.o" "..\\src\\Custom Objects as Map Keys.cpp" 
g++ -o "Custom Objects as Map Keys.exe" "src\\Custom Objects as Map Keys.o" 
Info: Nothing to build for Custom Objects as Map Keys
Info: Nothing to build for Custom Objects as Map Keys
12:12:02 **** Incremental Build of configuration Debug for project Custom Objects as Map Keys ****
Info: Internal Builder is used for build
g++ -O0 -g3 -Wall -c -fmessage-length=0 -o "src\\Custom Objects as Map Keys.o" "..\\src\\Custom Objects as Map Keys.cpp" 
g++ -o "Custom Objects as Map Keys.exe" "src\\Custom Objects as Map Keys.o" 
12:12:10 **** Incremental Build of configuration Debug for project Custom Objects as Map Keys ****
Info: Internal Builder is used for build
g++ -O0 -g3 -Wall -c -fmessage-length=0 -o "src\\Custom Objects as Map Keys.o" "..\\src\\Custom Objects as Map Keys.cpp" 
g++ -o "Custom Objects as Map Keys.exe" "src\\Custom Objects as Map Keys.o" 
Info: Nothing to build for Custom Objects as Map Keys
12:12:40 **** Incremental Build of configuration Debug for project Custom Objects as Map Keys ****
Info: Internal Builder is used for build
g++ -O0 -g3 -Wall -c -fmessage-length=0 -o "src\\Custom Objects as Map Keys.o" "..\\src\\Custom Objects as Map Keys.cpp" 
g++ -o "Custom Objects as Map Keys.exe" "src\\Custom Objects as Map Keys.o" 
12:14:16 **** Incremental Build of configuration Debug for project Custom Objects as Map Keys ****
Info: Internal Builder is used for build
g++ -O0 -g3 -Wall -c -fmessage-length=0 -o "src\\Custom Objects as Map Keys.o" "..\\src\\Custom Objects as Map Keys.cpp" 
g++ -o "Custom Objects as Map Keys.exe" "src\\Custom Objects as Map Keys.o" 
12:15:57 **** Incremental Build of configuration Debug for project Custom Objects as Map Keys ****
Info: Internal Builder is used for build
g++ -O0 -g3 -Wall -c -fmessage-length=0 -o "src\\Custom Objects as Map Keys.o" "..\\src\\Custom Objects as Map Keys.cpp" 
g++ -o "Custom Objects as Map Keys.exe" "src\\Custom Objects as Map Keys.o" 
